<?xml version="1.0" encoding="UTF-8"?>
<!-- Generated by org.testng.reporters.JUnitReportReporter -->
<testsuite skipped="0" hostname="DESKTOP-488FP15" name="com.HR.Test.TC01Test" tests="1" failures="0" timestamp="29 Aug 2019 11:00:45 GMT" time="8.182" errors="0">
  <testcase name="hr" time="8.182" classname="com.HR.Test.TC01Test"/>
</testsuite> <!-- com.HR.Test.TC01Test -->
